c:\users\admin\desktop\project\qt project\vs_demo\qtcaculator\x64\debug\main.obj
c:\users\admin\desktop\project\qt project\vs_demo\qtcaculator\x64\debug\otherfunction.obj
c:\users\admin\desktop\project\qt project\vs_demo\qtcaculator\x64\debug\vc143.pdb
c:\users\admin\desktop\project\qt project\vs_demo\qtcaculator\x64\debug\mainwindow.obj
c:\users\admin\desktop\project\qt project\vs_demo\qtcaculator\x64\debug\moc_mainwindow.obj
c:\users\admin\desktop\project\qt project\vs_demo\qtcaculator\x64\debug\qrc_mainwindow.obj
c:\users\admin\desktop\project\qt project\vs_demo\qtcaculator\x64\debug\qtcaculator.exe
c:\users\admin\desktop\project\qt project\vs_demo\qtcaculator\x64\debug\qtcaculator.ilk
c:\users\admin\desktop\project\qt project\vs_demo\qtcaculator\x64\debug\qtcaculator.pdb
c:\users\admin\desktop\project\qt project\vs_demo\qtcaculator\x64\debug\moc\moc_mainwindow.cpp
c:\users\admin\desktop\project\qt project\vs_demo\qtcaculator\x64\debug\uic\ui_mainwindow.h
c:\users\admin\desktop\project\qt project\vs_demo\qtcaculator\x64\debug\rcc\qrc_mainwindow.cpp
c:\users\admin\desktop\project\qt project\vs_demo\qtcaculator\x64\debug\project1.pdb
c:\users\admin\desktop\project\qt project\vs_demo\qtcaculator\x64\debug\qtcaculator.tlog\cl.command.1.tlog
c:\users\admin\desktop\project\qt project\vs_demo\qtcaculator\x64\debug\qtcaculator.tlog\cl.read.1.tlog
c:\users\admin\desktop\project\qt project\vs_demo\qtcaculator\x64\debug\qtcaculator.tlog\cl.write.1.tlog
c:\users\admin\desktop\project\qt project\vs_demo\qtcaculator\x64\debug\qtcaculator.tlog\link-cvtres.read.1.tlog
c:\users\admin\desktop\project\qt project\vs_demo\qtcaculator\x64\debug\qtcaculator.tlog\link-cvtres.write.1.tlog
c:\users\admin\desktop\project\qt project\vs_demo\qtcaculator\x64\debug\qtcaculator.tlog\link-rc.read.1.tlog
c:\users\admin\desktop\project\qt project\vs_demo\qtcaculator\x64\debug\qtcaculator.tlog\link-rc.write.1.tlog
c:\users\admin\desktop\project\qt project\vs_demo\qtcaculator\x64\debug\qtcaculator.tlog\link.14192-cvtres.read.1.tlog
c:\users\admin\desktop\project\qt project\vs_demo\qtcaculator\x64\debug\qtcaculator.tlog\link.14192-cvtres.write.1.tlog
c:\users\admin\desktop\project\qt project\vs_demo\qtcaculator\x64\debug\qtcaculator.tlog\link.14192-rc.read.1.tlog
c:\users\admin\desktop\project\qt project\vs_demo\qtcaculator\x64\debug\qtcaculator.tlog\link.14192-rc.write.1.tlog
c:\users\admin\desktop\project\qt project\vs_demo\qtcaculator\x64\debug\qtcaculator.tlog\link.14192.read.1.tlog
c:\users\admin\desktop\project\qt project\vs_demo\qtcaculator\x64\debug\qtcaculator.tlog\link.14192.read.2.tlog
c:\users\admin\desktop\project\qt project\vs_demo\qtcaculator\x64\debug\qtcaculator.tlog\link.14192.write.1.tlog
c:\users\admin\desktop\project\qt project\vs_demo\qtcaculator\x64\debug\qtcaculator.tlog\link.command.1.tlog
c:\users\admin\desktop\project\qt project\vs_demo\qtcaculator\x64\debug\qtcaculator.tlog\link.read.1.tlog
c:\users\admin\desktop\project\qt project\vs_demo\qtcaculator\x64\debug\qtcaculator.tlog\link.read.2.tlog
c:\users\admin\desktop\project\qt project\vs_demo\qtcaculator\x64\debug\qtcaculator.tlog\link.write.1.tlog
c:\users\admin\desktop\project\qt project\vs_demo\qtcaculator\x64\debug\qtcaculator.tlog\moc.read.1u.tlog
c:\users\admin\desktop\project\qt project\vs_demo\qtcaculator\x64\debug\qtcaculator.tlog\moc.write.1u.tlog
c:\users\admin\desktop\project\qt project\vs_demo\qtcaculator\x64\debug\qtcaculator.tlog\qtcaculator.write.1u.tlog
c:\users\admin\desktop\project\qt project\vs_demo\qtcaculator\x64\debug\qtcaculator.tlog\rcc.read.1u.tlog
c:\users\admin\desktop\project\qt project\vs_demo\qtcaculator\x64\debug\qtcaculator.tlog\rcc.write.1u.tlog
c:\users\admin\desktop\project\qt project\vs_demo\qtcaculator\x64\debug\qtcaculator.tlog\uic.read.1u.tlog
c:\users\admin\desktop\project\qt project\vs_demo\qtcaculator\x64\debug\qtcaculator.tlog\uic.write.1u.tlog
